<?xml version="1.0" encoding="UTF-8"?>
<testng-results ignored="0" total="1" passed="1" failed="0" skipped="0">
  <reporter-output>
    <line>
      <![CDATA[Books page is displayed]]>
    </line>
  </reporter-output>
  <suite started-at="2024-06-13T23:17:52 IST" name="Default suite" finished-at="2024-06-13T23:18:10 IST" duration-ms="18082">
    <groups>
    </groups>
    <test started-at="2024-06-13T23:17:52 IST" name="Default test" finished-at="2024-06-13T23:18:10 IST" duration-ms="18082">
      <class name="bookmodule.TC_010_Test">
        <test-method is-config="true" signature="launchBrowser()[pri:0, instance:bookmodule.TC_010_Test@25641d39]" started-at="2024-06-13T23:17:52 IST" name="launchBrowser" finished-at="2024-06-13T23:17:58 IST" duration-ms="6572" status="PASS">
          <reporter-output>
          </reporter-output>
        </test-method> <!-- launchBrowser -->
        <test-method is-config="true" signature="login()[pri:0, instance:bookmodule.TC_010_Test@25641d39]" started-at="2024-06-13T23:17:58 IST" name="login" finished-at="2024-06-13T23:18:07 IST" duration-ms="9288" status="PASS">
          <reporter-output>
          </reporter-output>
        </test-method> <!-- login -->
        <test-method signature="ClickOnBooks()[pri:0, instance:bookmodule.TC_010_Test@25641d39]" started-at="2024-06-13T23:18:07 IST" name="ClickOnBooks" finished-at="2024-06-13T23:18:08 IST" duration-ms="943" status="PASS">
          <reporter-output>
            <line>
              <![CDATA[Books page is displayed]]>
            </line>
          </reporter-output>
        </test-method> <!-- ClickOnBooks -->
        <test-method is-config="true" signature="logout()[pri:0, instance:bookmodule.TC_010_Test@25641d39]" started-at="2024-06-13T23:18:09 IST" name="logout" finished-at="2024-06-13T23:18:10 IST" duration-ms="976" status="PASS">
          <reporter-output>
          </reporter-output>
        </test-method> <!-- logout -->
      </class> <!-- bookmodule.TC_010_Test -->
    </test> <!-- Default test -->
  </suite> <!-- Default suite -->
</testng-results>
